<?xml version="1.0" encoding="UTF-8"?>
<!-- Generated by org.testng.reporters.JUnitReportReporter -->
<testsuite hostname="HSATP-HG1CGG3" failures="0" tests="2" name="tests.seleniumTests.TestRegisterUser" time="15.057"
           errors="0" timestamp="2021-12-25T13:40:42 AMT" skipped="0">
    <testcase classname="tests.seleniumTests.TestRegisterUser" name="checkMercuryToursPageTitle" time="11.992"/>
    <system-out/>
    <testcase classname="tests.seleniumTests.TestRegisterUser" name="registerNewUser" time="3.065"/>
    <system-out/>
</testsuite> <!-- tests.seleniumTests.TestRegisterUser -->
