<?xml version="1.0" encoding="UTF-8"?>
<!-- Generated by org.testng.reporters.JUnitReportReporter -->
<testsuite hostname="HSATP-HG1CGG3" failures="0" tests="2" name="tests.seleniumTests.TestRegisterUser" time="13.891"
           errors="0" timestamp="2021-12-25T13:34:52 AMT" skipped="0">
    <testcase classname="tests.seleniumTests.TestRegisterUser" name="checkMercuryToursPageTitle" time="11.764"/>
    <system-out/>
    <testcase classname="tests.seleniumTests.TestRegisterUser" name="registerNewUser" time="2.127"/>
    <system-out/>
</testsuite> <!-- tests.seleniumTests.TestRegisterUser -->
